server is runing
App\Events\ScrappedMessageEvent scrappedMessage {
  status: 'success',
  message: 'Success Scrapped Website',
  socket: null
}
server is runing
server is runing
Subscribed successfully! This client is currently subscribed to 1 channels.
server is runing
Subscribed successfully! This client is currently subscribed to 1 channels.
undefined:1
private-scrappedMessage.1
^

SyntaxError: Unexpected token p in JSON at position 0
    at JSON.parse (<anonymous>)
    at Redis.<anonymous> (/var/www/html/server.js:27:24)
    at Redis.emit (events.js:314:20)
    at DataHandler.handleSubscriberReply (/var/www/html/node_modules/ioredis/built/DataHandler.js:87:32)
    at DataHandler.returnReply (/var/www/html/node_modules/ioredis/built/DataHandler.js:47:18)
    at JavascriptRedisParser.returnReply (/var/www/html/node_modules/ioredis/built/DataHandler.js:21:22)
    at JavascriptRedisParser.execute (/var/www/html/node_modules/redis-parser/lib/parser.js:544:14)
    at Socket.<anonymous> (/var/www/html/node_modules/ioredis/built/DataHandler.js:25:20)
    at Socket.emit (events.js:314:20)
    at addChunk (_stream_readable.js:297:12)
server is runing
Subscribed successfully! This client is currently subscribed to 1 channels.
undefined:1
private-scrappedMessage.1
^

SyntaxError: Unexpected token p in JSON at position 0
    at JSON.parse (<anonymous>)
    at Redis.<anonymous> (/var/www/html/server.js:27:24)
    at Redis.emit (events.js:314:20)
    at DataHandler.handleSubscriberReply (/var/www/html/node_modules/ioredis/built/DataHandler.js:87:32)
    at DataHandler.returnReply (/var/www/html/node_modules/ioredis/built/DataHandler.js:47:18)
    at JavascriptRedisParser.returnReply (/var/www/html/node_modules/ioredis/built/DataHandler.js:21:22)
    at JavascriptRedisParser.execute (/var/www/html/node_modules/redis-parser/lib/parser.js:544:14)
    at Socket.<anonymous> (/var/www/html/node_modules/ioredis/built/DataHandler.js:25:20)
    at Socket.emit (events.js:314:20)
    at addChunk (_stream_readable.js:297:12)
server is runing
Subscribed successfully! This client is currently subscribed to 1 channels.
server is runing
Subscribed successfully! This client is currently subscribed to 1 channels.
server is runing
Subscribed successfully! This client is currently subscribed to 1 channels.
*
App\Events\ScrappedMessageEvent private-scrappedMessage.1 {
  status: 'success',
  message: 'Success Scrapped Website',
  socket: null
}
*
App\Events\ScrappedMessageEvent private-scrappedMessage.1 {
  status: 'success',
  message: 'Success Scrapped Website',
  socket: null
}
*
App\Events\ScrappedMessageEvent private-scrappedMessage.1 {
  status: 'success',
  message: 'Success Scrapped Website',
  socket: null
}
*
App\Events\ScrappedMessageEvent private-scrappedMessage.1 {
  status: 'success',
  message: 'Success Scrapped Website',
  socket: null
}
server is runing
Subscribed successfully! This client is currently subscribed to 1 channels.
*
Event: App\Events\ScrappedMessageEvent
channel: private-scrappedMessage.
data: [object Object]
server is runing
Subscribed successfully! This client is currently subscribed to 1 channels.
server is runing
Subscribed successfully! This client is currently subscribed to 1 channels.
*
Event: App\Events\ScrappedMessageEvent
channel: private-scrappedMessage.1
*
Event: App\Events\ScrappedMessageEvent
channel: private-scrappedMessage.1
*
Event: App\Events\ScrappedMessageEvent
channel: private-scrappedMessage.1
*
Event: App\Events\ScrappedMessageEvent
channel: private-scrappedMessage.1
*
Event: App\Events\ScrappedMessageEvent
channel: private-scrappedMessage.1
server is runing
Subscribed successfully! This client is currently subscribed to 1 channels.
server is runing
Subscribed successfully! This client is currently subscribed to 1 channels.
server is runing
Subscribed successfully! This client is currently subscribed to 1 channels.
server is runing
Subscribed successfully! This client is currently subscribed to 1 channels.
internal/modules/cjs/loader.js:818
  throw err;
  ^

Error: Cannot find module 'express'
Require stack:
- /var/www/html/server.js
    at Function.Module._resolveFilename (internal/modules/cjs/loader.js:815:15)
    at Function.Module._load (internal/modules/cjs/loader.js:667:27)
    at Module.require (internal/modules/cjs/loader.js:887:19)
    at require (internal/modules/cjs/helpers.js:74:18)
    at Object.<anonymous> (/var/www/html/server.js:2:11)
    at Module._compile (internal/modules/cjs/loader.js:999:30)
    at Object.Module._extensions..js (internal/modules/cjs/loader.js:1027:10)
    at Module.load (internal/modules/cjs/loader.js:863:32)
    at Function.Module._load (internal/modules/cjs/loader.js:708:14)
    at Function.executeUserEntryPoint [as runMain] (internal/modules/run_main.js:60:12) {
  code: 'MODULE_NOT_FOUND',
  requireStack: [ '/var/www/html/server.js' ]
}
internal/modules/cjs/loader.js:818
  throw err;
  ^

Error: Cannot find module 'express'
Require stack:
- /var/www/html/server.js
    at Function.Module._resolveFilename (internal/modules/cjs/loader.js:815:15)
    at Function.Module._load (internal/modules/cjs/loader.js:667:27)
    at Module.require (internal/modules/cjs/loader.js:887:19)
    at require (internal/modules/cjs/helpers.js:74:18)
    at Object.<anonymous> (/var/www/html/server.js:2:11)
    at Module._compile (internal/modules/cjs/loader.js:999:30)
    at Object.Module._extensions..js (internal/modules/cjs/loader.js:1027:10)
    at Module.load (internal/modules/cjs/loader.js:863:32)
    at Function.Module._load (internal/modules/cjs/loader.js:708:14)
    at Function.executeUserEntryPoint [as runMain] (internal/modules/run_main.js:60:12) {
  code: 'MODULE_NOT_FOUND',
  requireStack: [ '/var/www/html/server.js' ]
}
internal/modules/cjs/loader.js:818
  throw err;
  ^

Error: Cannot find module 'express'
Require stack:
- /var/www/html/server.js
    at Function.Module._resolveFilename (internal/modules/cjs/loader.js:815:15)
    at Function.Module._load (internal/modules/cjs/loader.js:667:27)
    at Module.require (internal/modules/cjs/loader.js:887:19)
    at require (internal/modules/cjs/helpers.js:74:18)
    at Object.<anonymous> (/var/www/html/server.js:2:11)
    at Module._compile (internal/modules/cjs/loader.js:999:30)
    at Object.Module._extensions..js (internal/modules/cjs/loader.js:1027:10)
    at Module.load (internal/modules/cjs/loader.js:863:32)
    at Function.Module._load (internal/modules/cjs/loader.js:708:14)
    at Function.executeUserEntryPoint [as runMain] (internal/modules/run_main.js:60:12) {
  code: 'MODULE_NOT_FOUND',
  requireStack: [ '/var/www/html/server.js' ]
}
internal/modules/cjs/loader.js:818
  throw err;
  ^

Error: Cannot find module 'express'
Require stack:
- /var/www/html/server.js
    at Function.Module._resolveFilename (internal/modules/cjs/loader.js:815:15)
    at Function.Module._load (internal/modules/cjs/loader.js:667:27)
    at Module.require (internal/modules/cjs/loader.js:887:19)
    at require (internal/modules/cjs/helpers.js:74:18)
    at Object.<anonymous> (/var/www/html/server.js:2:11)
    at Module._compile (internal/modules/cjs/loader.js:999:30)
    at Object.Module._extensions..js (internal/modules/cjs/loader.js:1027:10)
    at Module.load (internal/modules/cjs/loader.js:863:32)
    at Function.Module._load (internal/modules/cjs/loader.js:708:14)
    at Function.executeUserEntryPoint [as runMain] (internal/modules/run_main.js:60:12) {
  code: 'MODULE_NOT_FOUND',
  requireStack: [ '/var/www/html/server.js' ]
}
internal/modules/cjs/loader.js:818
  throw err;
  ^

Error: Cannot find module 'express'
Require stack:
- /var/www/html/server.js
    at Function.Module._resolveFilename (internal/modules/cjs/loader.js:815:15)
    at Function.Module._load (internal/modules/cjs/loader.js:667:27)
    at Module.require (internal/modules/cjs/loader.js:887:19)
    at require (internal/modules/cjs/helpers.js:74:18)
    at Object.<anonymous> (/var/www/html/server.js:2:11)
    at Module._compile (internal/modules/cjs/loader.js:999:30)
    at Object.Module._extensions..js (internal/modules/cjs/loader.js:1027:10)
    at Module.load (internal/modules/cjs/loader.js:863:32)
    at Function.Module._load (internal/modules/cjs/loader.js:708:14)
    at Function.executeUserEntryPoint [as runMain] (internal/modules/run_main.js:60:12) {
  code: 'MODULE_NOT_FOUND',
  requireStack: [ '/var/www/html/server.js' ]
}
internal/modules/cjs/loader.js:818
  throw err;
  ^

Error: Cannot find module 'express'
Require stack:
- /var/www/html/server.js
    at Function.Module._resolveFilename (internal/modules/cjs/loader.js:815:15)
    at Function.Module._load (internal/modules/cjs/loader.js:667:27)
    at Module.require (internal/modules/cjs/loader.js:887:19)
    at require (internal/modules/cjs/helpers.js:74:18)
    at Object.<anonymous> (/var/www/html/server.js:2:11)
    at Module._compile (internal/modules/cjs/loader.js:999:30)
    at Object.Module._extensions..js (internal/modules/cjs/loader.js:1027:10)
    at Module.load (internal/modules/cjs/loader.js:863:32)
    at Function.Module._load (internal/modules/cjs/loader.js:708:14)
    at Function.executeUserEntryPoint [as runMain] (internal/modules/run_main.js:60:12) {
  code: 'MODULE_NOT_FOUND',
  requireStack: [ '/var/www/html/server.js' ]
}
internal/modules/cjs/loader.js:818
  throw err;
  ^

Error: Cannot find module 'express'
Require stack:
- /var/www/html/server.js
    at Function.Module._resolveFilename (internal/modules/cjs/loader.js:815:15)
    at Function.Module._load (internal/modules/cjs/loader.js:667:27)
    at Module.require (internal/modules/cjs/loader.js:887:19)
    at require (internal/modules/cjs/helpers.js:74:18)
    at Object.<anonymous> (/var/www/html/server.js:2:11)
    at Module._compile (internal/modules/cjs/loader.js:999:30)
    at Object.Module._extensions..js (internal/modules/cjs/loader.js:1027:10)
    at Module.load (internal/modules/cjs/loader.js:863:32)
    at Function.Module._load (internal/modules/cjs/loader.js:708:14)
    at Function.executeUserEntryPoint [as runMain] (internal/modules/run_main.js:60:12) {
  code: 'MODULE_NOT_FOUND',
  requireStack: [ '/var/www/html/server.js' ]
}
internal/modules/cjs/loader.js:818
  throw err;
  ^

Error: Cannot find module 'express'
Require stack:
- /var/www/html/server.js
    at Function.Module._resolveFilename (internal/modules/cjs/loader.js:815:15)
    at Function.Module._load (internal/modules/cjs/loader.js:667:27)
    at Module.require (internal/modules/cjs/loader.js:887:19)
    at require (internal/modules/cjs/helpers.js:74:18)
    at Object.<anonymous> (/var/www/html/server.js:2:11)
    at Module._compile (internal/modules/cjs/loader.js:999:30)
    at Object.Module._extensions..js (internal/modules/cjs/loader.js:1027:10)
    at Module.load (internal/modules/cjs/loader.js:863:32)
    at Function.Module._load (internal/modules/cjs/loader.js:708:14)
    at Function.executeUserEntryPoint [as runMain] (internal/modules/run_main.js:60:12) {
  code: 'MODULE_NOT_FOUND',
  requireStack: [ '/var/www/html/server.js' ]
}
internal/modules/cjs/loader.js:818
  throw err;
  ^

Error: Cannot find module 'express'
Require stack:
- /var/www/html/server.js
    at Function.Module._resolveFilename (internal/modules/cjs/loader.js:815:15)
    at Function.Module._load (internal/modules/cjs/loader.js:667:27)
    at Module.require (internal/modules/cjs/loader.js:887:19)
    at require (internal/modules/cjs/helpers.js:74:18)
    at Object.<anonymous> (/var/www/html/server.js:2:11)
    at Module._compile (internal/modules/cjs/loader.js:999:30)
    at Object.Module._extensions..js (internal/modules/cjs/loader.js:1027:10)
    at Module.load (internal/modules/cjs/loader.js:863:32)
    at Function.Module._load (internal/modules/cjs/loader.js:708:14)
    at Function.executeUserEntryPoint [as runMain] (internal/modules/run_main.js:60:12) {
  code: 'MODULE_NOT_FOUND',
  requireStack: [ '/var/www/html/server.js' ]
}
