2021-04-20 09:08:48,722 CRIT Supervisor is running as root.  Privileges were not dropped because no user is specified in the config file.  If you intend to run as root, you can set user=root in the config file to avoid this message.
2021-04-20 09:08:48,723 INFO Included extra file "/etc/supervisor/conf.d/supervisord.conf" during parsing
2021-04-20 09:08:48,736 INFO RPC interface 'supervisor' initialized
2021-04-20 09:08:48,736 CRIT Server 'unix_http_server' running without any HTTP authentication checking
2021-04-20 09:08:48,737 INFO supervisord started with pid 1
2021-04-20 09:08:49,741 INFO spawned: 'redis-server_00' with pid 9
2021-04-20 09:08:49,744 INFO spawned: 'php-fpm_00' with pid 10
2021-04-20 09:08:49,747 INFO spawned: 'laravel-worker_00' with pid 11
2021-04-20 09:08:49,749 INFO spawned: 'laravel-echo-server_00' with pid 12
2021-04-20 09:08:50,756 INFO success: redis-server_00 entered RUNNING state, process has stayed up for > than 1 seconds (startsecs)
2021-04-20 09:08:50,756 INFO success: php-fpm_00 entered RUNNING state, process has stayed up for > than 1 seconds (startsecs)
2021-04-20 09:08:50,756 INFO success: laravel-worker_00 entered RUNNING state, process has stayed up for > than 1 seconds (startsecs)
2021-04-20 09:08:50,756 INFO success: laravel-echo-server_00 entered RUNNING state, process has stayed up for > than 1 seconds (startsecs)
2021-04-20 09:09:32,120 WARN received SIGQUIT indicating exit request
2021-04-20 09:09:32,121 INFO waiting for redis-server_00, php-fpm_00, laravel-worker_00, laravel-echo-server_00 to die
2021-04-20 09:09:32,123 INFO stopped: laravel-echo-server_00 (terminated by SIGTERM)
2021-04-20 09:09:32,155 INFO stopped: laravel-worker_00 (exit status 0)
2021-04-20 09:09:32,159 INFO stopped: php-fpm_00 (exit status 0)
2021-04-20 09:09:32,229 INFO stopped: redis-server_00 (exit status 0)
2021-04-20 10:38:04,880 CRIT Supervisor is running as root.  Privileges were not dropped because no user is specified in the config file.  If you intend to run as root, you can set user=root in the config file to avoid this message.
2021-04-20 10:38:04,881 INFO Included extra file "/etc/supervisor/conf.d/supervisord.conf" during parsing
2021-04-20 10:38:04,890 INFO RPC interface 'supervisor' initialized
2021-04-20 10:38:04,891 CRIT Server 'unix_http_server' running without any HTTP authentication checking
2021-04-20 10:38:04,891 INFO supervisord started with pid 1
2021-04-20 10:38:05,895 INFO spawned: 'redis-server_00' with pid 10
2021-04-20 10:38:05,898 INFO spawned: 'php-fpm_00' with pid 11
2021-04-20 10:38:05,900 INFO spawned: 'laravel-worker_00' with pid 12
2021-04-20 10:38:05,903 INFO spawned: 'laravel-echo-server_00' with pid 13
2021-04-20 10:38:06,906 INFO success: redis-server_00 entered RUNNING state, process has stayed up for > than 1 seconds (startsecs)
2021-04-20 10:38:06,906 INFO success: php-fpm_00 entered RUNNING state, process has stayed up for > than 1 seconds (startsecs)
2021-04-20 10:38:06,907 INFO success: laravel-worker_00 entered RUNNING state, process has stayed up for > than 1 seconds (startsecs)
2021-04-20 10:38:06,907 INFO success: laravel-echo-server_00 entered RUNNING state, process has stayed up for > than 1 seconds (startsecs)
2021-04-20 10:50:47,292 WARN received SIGQUIT indicating exit request
2021-04-20 10:50:47,293 INFO waiting for redis-server_00, php-fpm_00, laravel-worker_00, laravel-echo-server_00 to die
2021-04-20 10:50:47,298 INFO stopped: laravel-echo-server_00 (terminated by SIGTERM)
2021-04-20 10:50:47,387 INFO stopped: laravel-worker_00 (exit status 0)
2021-04-20 10:50:47,392 INFO stopped: php-fpm_00 (exit status 0)
2021-04-20 10:50:47,521 INFO stopped: redis-server_00 (exit status 0)
2021-04-20 10:51:25,909 CRIT Supervisor is running as root.  Privileges were not dropped because no user is specified in the config file.  If you intend to run as root, you can set user=root in the config file to avoid this message.
2021-04-20 10:51:25,909 INFO Included extra file "/etc/supervisor/conf.d/supervisord.conf" during parsing
2021-04-20 10:51:25,916 INFO RPC interface 'supervisor' initialized
2021-04-20 10:51:25,917 CRIT Server 'unix_http_server' running without any HTTP authentication checking
2021-04-20 10:51:25,917 INFO supervisord started with pid 1
2021-04-20 10:51:26,921 INFO spawned: 'redis-server_00' with pid 9
2021-04-20 10:51:26,924 INFO spawned: 'php-fpm_00' with pid 10
2021-04-20 10:51:26,926 INFO spawned: 'laravel-worker_00' with pid 11
2021-04-20 10:51:26,929 INFO spawned: 'laravel-echo-server_00' with pid 12
2021-04-20 10:51:27,933 INFO success: redis-server_00 entered RUNNING state, process has stayed up for > than 1 seconds (startsecs)
2021-04-20 10:51:27,933 INFO success: php-fpm_00 entered RUNNING state, process has stayed up for > than 1 seconds (startsecs)
2021-04-20 10:51:27,934 INFO success: laravel-worker_00 entered RUNNING state, process has stayed up for > than 1 seconds (startsecs)
2021-04-20 10:51:27,934 INFO success: laravel-echo-server_00 entered RUNNING state, process has stayed up for > than 1 seconds (startsecs)
2021-04-20 10:56:46,424 WARN received SIGQUIT indicating exit request
2021-04-20 10:56:46,425 INFO waiting for redis-server_00, php-fpm_00, laravel-worker_00, laravel-echo-server_00 to die
2021-04-20 10:56:46,427 INFO stopped: laravel-echo-server_00 (terminated by SIGTERM)
2021-04-20 10:56:46,513 INFO stopped: laravel-worker_00 (exit status 0)
2021-04-20 10:56:46,519 INFO stopped: php-fpm_00 (exit status 0)
2021-04-20 10:56:46,676 INFO stopped: redis-server_00 (exit status 0)
2021-04-20 10:57:15,413 CRIT Supervisor is running as root.  Privileges were not dropped because no user is specified in the config file.  If you intend to run as root, you can set user=root in the config file to avoid this message.
2021-04-20 10:57:15,413 INFO Included extra file "/etc/supervisor/conf.d/supervisord.conf" during parsing
2021-04-20 10:57:15,422 INFO RPC interface 'supervisor' initialized
2021-04-20 10:57:15,423 CRIT Server 'unix_http_server' running without any HTTP authentication checking
2021-04-20 10:57:15,423 INFO supervisord started with pid 1
2021-04-20 10:57:16,428 INFO spawned: 'redis-server_00' with pid 10
2021-04-20 10:57:16,431 INFO spawned: 'php-fpm_00' with pid 11
2021-04-20 10:57:16,434 INFO spawned: 'laravel-worker_00' with pid 12
2021-04-20 10:57:16,437 INFO spawned: 'laravel-echo-server_00' with pid 16
2021-04-20 10:57:17,441 INFO success: redis-server_00 entered RUNNING state, process has stayed up for > than 1 seconds (startsecs)
2021-04-20 10:57:17,441 INFO success: php-fpm_00 entered RUNNING state, process has stayed up for > than 1 seconds (startsecs)
2021-04-20 10:57:17,441 INFO success: laravel-worker_00 entered RUNNING state, process has stayed up for > than 1 seconds (startsecs)
2021-04-20 10:57:17,442 INFO success: laravel-echo-server_00 entered RUNNING state, process has stayed up for > than 1 seconds (startsecs)
2021-04-20 10:57:42,485 INFO exited: laravel-echo-server_00 (exit status 1; not expected)
2021-04-20 10:57:43,490 INFO spawned: 'laravel-echo-server_00' with pid 36
2021-04-20 10:57:44,492 INFO success: laravel-echo-server_00 entered RUNNING state, process has stayed up for > than 1 seconds (startsecs)
2021-04-20 10:58:38,148 INFO exited: laravel-echo-server_00 (exit status 1; not expected)
2021-04-20 10:58:39,154 INFO spawned: 'laravel-echo-server_00' with pid 48
2021-04-20 10:58:40,156 INFO success: laravel-echo-server_00 entered RUNNING state, process has stayed up for > than 1 seconds (startsecs)
2021-04-20 11:02:48,730 WARN received SIGQUIT indicating exit request
2021-04-20 11:02:48,730 INFO waiting for redis-server_00, php-fpm_00, laravel-worker_00, laravel-echo-server_00 to die
2021-04-20 11:02:48,732 INFO stopped: laravel-echo-server_00 (terminated by SIGTERM)
2021-04-20 11:02:48,782 INFO stopped: laravel-worker_00 (exit status 0)
2021-04-20 11:02:48,785 INFO stopped: php-fpm_00 (exit status 0)
2021-04-20 11:02:48,879 INFO stopped: redis-server_00 (exit status 0)
2021-04-20 11:03:16,152 CRIT Supervisor is running as root.  Privileges were not dropped because no user is specified in the config file.  If you intend to run as root, you can set user=root in the config file to avoid this message.
2021-04-20 11:03:16,153 INFO Included extra file "/etc/supervisor/conf.d/supervisord.conf" during parsing
2021-04-20 11:03:16,159 INFO RPC interface 'supervisor' initialized
2021-04-20 11:03:16,159 CRIT Server 'unix_http_server' running without any HTTP authentication checking
2021-04-20 11:03:16,160 INFO supervisord started with pid 1
2021-04-20 11:03:17,167 INFO spawned: 'redis-server_00' with pid 10
2021-04-20 11:03:17,175 INFO spawned: 'php-fpm_00' with pid 11
2021-04-20 11:03:17,183 INFO spawned: 'laravel-worker_00' with pid 12
2021-04-20 11:03:17,190 INFO spawned: 'laravel-echo-server_00' with pid 13
2021-04-20 11:03:18,197 INFO success: redis-server_00 entered RUNNING state, process has stayed up for > than 1 seconds (startsecs)
2021-04-20 11:03:18,197 INFO success: php-fpm_00 entered RUNNING state, process has stayed up for > than 1 seconds (startsecs)
2021-04-20 11:03:18,198 INFO success: laravel-worker_00 entered RUNNING state, process has stayed up for > than 1 seconds (startsecs)
2021-04-20 11:03:18,198 INFO success: laravel-echo-server_00 entered RUNNING state, process has stayed up for > than 1 seconds (startsecs)
2021-04-20 11:17:51,708 WARN received SIGQUIT indicating exit request
2021-04-20 11:17:51,709 INFO waiting for redis-server_00, php-fpm_00, laravel-worker_00, laravel-echo-server_00 to die
2021-04-20 11:17:51,711 INFO stopped: laravel-echo-server_00 (terminated by SIGTERM)
2021-04-20 11:17:51,783 INFO stopped: laravel-worker_00 (exit status 0)
2021-04-20 11:17:51,787 INFO stopped: php-fpm_00 (exit status 0)
2021-04-20 11:17:51,865 INFO stopped: redis-server_00 (exit status 0)
2021-04-20 11:18:20,729 CRIT Supervisor is running as root.  Privileges were not dropped because no user is specified in the config file.  If you intend to run as root, you can set user=root in the config file to avoid this message.
2021-04-20 11:18:20,729 INFO Included extra file "/etc/supervisor/conf.d/supervisord.conf" during parsing
2021-04-20 11:18:20,737 INFO RPC interface 'supervisor' initialized
2021-04-20 11:18:20,737 CRIT Server 'unix_http_server' running without any HTTP authentication checking
2021-04-20 11:18:20,738 INFO supervisord started with pid 1
2021-04-20 11:18:21,741 INFO spawned: 'redis-server_00' with pid 10
2021-04-20 11:18:21,743 INFO spawned: 'php-fpm_00' with pid 11
2021-04-20 11:18:21,746 INFO spawned: 'laravel-worker_00' with pid 12
2021-04-20 11:18:21,749 INFO spawned: 'laravel-echo-server_00' with pid 13
2021-04-20 11:18:22,754 INFO success: redis-server_00 entered RUNNING state, process has stayed up for > than 1 seconds (startsecs)
2021-04-20 11:18:22,754 INFO success: php-fpm_00 entered RUNNING state, process has stayed up for > than 1 seconds (startsecs)
2021-04-20 11:18:22,754 INFO success: laravel-worker_00 entered RUNNING state, process has stayed up for > than 1 seconds (startsecs)
2021-04-20 11:18:22,755 INFO success: laravel-echo-server_00 entered RUNNING state, process has stayed up for > than 1 seconds (startsecs)
2021-04-20 13:03:53,414 WARN received SIGQUIT indicating exit request
2021-04-20 13:03:53,415 INFO waiting for redis-server_00, php-fpm_00, laravel-worker_00, laravel-echo-server_00 to die
2021-04-20 13:03:53,418 INFO stopped: laravel-echo-server_00 (terminated by SIGTERM)
2021-04-20 13:03:53,497 INFO stopped: laravel-worker_00 (exit status 0)
2021-04-20 13:03:53,502 INFO stopped: php-fpm_00 (exit status 0)
2021-04-20 13:03:53,602 INFO stopped: redis-server_00 (exit status 0)
2021-04-20 13:15:41,964 CRIT Supervisor is running as root.  Privileges were not dropped because no user is specified in the config file.  If you intend to run as root, you can set user=root in the config file to avoid this message.
2021-04-20 13:15:41,965 INFO Included extra file "/etc/supervisor/conf.d/supervisord.conf" during parsing
2021-04-20 13:15:41,972 INFO RPC interface 'supervisor' initialized
2021-04-20 13:15:41,972 CRIT Server 'unix_http_server' running without any HTTP authentication checking
2021-04-20 13:15:41,973 INFO supervisord started with pid 1
2021-04-20 13:15:42,977 INFO spawned: 'redis-server_00' with pid 9
2021-04-20 13:15:42,980 INFO spawned: 'php-fpm_00' with pid 10
2021-04-20 13:15:42,982 INFO spawned: 'laravel-worker_00' with pid 11
2021-04-20 13:15:42,985 INFO spawned: 'laravel-echo-server_00' with pid 12
2021-04-20 13:15:43,990 INFO success: redis-server_00 entered RUNNING state, process has stayed up for > than 1 seconds (startsecs)
2021-04-20 13:15:43,990 INFO success: php-fpm_00 entered RUNNING state, process has stayed up for > than 1 seconds (startsecs)
2021-04-20 13:15:43,990 INFO success: laravel-worker_00 entered RUNNING state, process has stayed up for > than 1 seconds (startsecs)
2021-04-20 13:15:43,991 INFO success: laravel-echo-server_00 entered RUNNING state, process has stayed up for > than 1 seconds (startsecs)
2021-04-20 14:34:50,392 WARN received SIGQUIT indicating exit request
2021-04-20 14:34:50,393 INFO waiting for redis-server_00, php-fpm_00, laravel-worker_00, laravel-echo-server_00 to die
2021-04-20 14:34:50,400 INFO stopped: laravel-echo-server_00 (terminated by SIGTERM)
2021-04-20 14:34:50,471 INFO stopped: laravel-worker_00 (exit status 0)
2021-04-20 14:34:50,476 INFO stopped: php-fpm_00 (exit status 0)
2021-04-20 14:34:50,573 INFO stopped: redis-server_00 (exit status 0)
2021-04-20 14:38:53,670 CRIT Supervisor is running as root.  Privileges were not dropped because no user is specified in the config file.  If you intend to run as root, you can set user=root in the config file to avoid this message.
2021-04-20 14:38:53,671 INFO Included extra file "/etc/supervisor/conf.d/supervisord.conf" during parsing
2021-04-20 14:38:53,679 INFO RPC interface 'supervisor' initialized
2021-04-20 14:38:53,680 CRIT Server 'unix_http_server' running without any HTTP authentication checking
2021-04-20 14:38:53,680 INFO supervisord started with pid 1
2021-04-20 14:38:54,684 INFO spawned: 'redis-server_00' with pid 9
2021-04-20 14:38:54,688 INFO spawned: 'php-fpm_00' with pid 10
2021-04-20 14:38:54,691 INFO spawned: 'laravel-worker_00' with pid 11
2021-04-20 14:38:54,694 INFO spawned: 'laravel-echo-server_00' with pid 15
2021-04-20 14:38:55,697 INFO success: redis-server_00 entered RUNNING state, process has stayed up for > than 1 seconds (startsecs)
2021-04-20 14:38:55,697 INFO success: php-fpm_00 entered RUNNING state, process has stayed up for > than 1 seconds (startsecs)
2021-04-20 14:38:55,697 INFO success: laravel-worker_00 entered RUNNING state, process has stayed up for > than 1 seconds (startsecs)
2021-04-20 14:38:55,698 INFO success: laravel-echo-server_00 entered RUNNING state, process has stayed up for > than 1 seconds (startsecs)
2021-04-20 15:13:39,767 WARN received SIGQUIT indicating exit request
2021-04-20 15:13:39,775 INFO waiting for redis-server_00, php-fpm_00, laravel-worker_00, laravel-echo-server_00 to die
2021-04-20 15:13:39,779 INFO stopped: laravel-echo-server_00 (terminated by SIGTERM)
2021-04-20 15:13:39,836 INFO stopped: laravel-worker_00 (exit status 0)
2021-04-20 15:13:39,840 INFO stopped: php-fpm_00 (exit status 0)
2021-04-20 15:13:39,904 INFO stopped: redis-server_00 (exit status 0)
2021-04-21 11:02:52,291 CRIT Supervisor is running as root.  Privileges were not dropped because no user is specified in the config file.  If you intend to run as root, you can set user=root in the config file to avoid this message.
2021-04-21 11:02:52,291 INFO Included extra file "/etc/supervisor/conf.d/supervisord.conf" during parsing
2021-04-21 11:02:52,531 INFO RPC interface 'supervisor' initialized
2021-04-21 11:02:52,533 CRIT Server 'unix_http_server' running without any HTTP authentication checking
2021-04-21 11:02:52,534 INFO supervisord started with pid 1
2021-04-21 11:02:53,545 INFO spawned: 'redis-server_00' with pid 9
2021-04-21 11:02:53,556 INFO spawned: 'php-fpm_00' with pid 10
2021-04-21 11:02:53,565 INFO spawned: 'laravel-worker_00' with pid 11
2021-04-21 11:02:53,586 INFO spawned: 'laravel-echo-server_00' with pid 12
2021-04-21 11:02:55,083 INFO success: redis-server_00 entered RUNNING state, process has stayed up for > than 1 seconds (startsecs)
2021-04-21 11:02:55,084 INFO success: php-fpm_00 entered RUNNING state, process has stayed up for > than 1 seconds (startsecs)
2021-04-21 11:02:55,084 INFO success: laravel-worker_00 entered RUNNING state, process has stayed up for > than 1 seconds (startsecs)
2021-04-21 11:02:55,085 INFO success: laravel-echo-server_00 entered RUNNING state, process has stayed up for > than 1 seconds (startsecs)
2021-04-21 11:23:35,210 WARN received SIGQUIT indicating exit request
2021-04-21 11:23:35,210 INFO waiting for redis-server_00, php-fpm_00, laravel-worker_00, laravel-echo-server_00 to die
2021-04-21 11:23:35,213 INFO stopped: laravel-echo-server_00 (terminated by SIGTERM)
2021-04-21 11:23:35,372 INFO stopped: laravel-worker_00 (exit status 0)
2021-04-21 11:23:35,375 INFO stopped: php-fpm_00 (exit status 0)
2021-04-21 11:23:35,487 INFO stopped: redis-server_00 (exit status 0)
2021-04-21 11:24:08,555 CRIT Supervisor is running as root.  Privileges were not dropped because no user is specified in the config file.  If you intend to run as root, you can set user=root in the config file to avoid this message.
2021-04-21 11:24:08,585 INFO Included extra file "/etc/supervisor/conf.d/supervisord.conf" during parsing
2021-04-21 11:24:08,592 INFO RPC interface 'supervisor' initialized
2021-04-21 11:24:08,592 CRIT Server 'unix_http_server' running without any HTTP authentication checking
2021-04-21 11:24:08,593 INFO supervisord started with pid 1
2021-04-21 11:24:09,596 INFO spawned: 'redis-server_00' with pid 10
2021-04-21 11:24:09,598 INFO spawned: 'php-fpm_00' with pid 11
2021-04-21 11:24:09,600 INFO spawned: 'laravel-worker_00' with pid 12
2021-04-21 11:24:09,603 INFO spawned: 'laravel-echo-server_00' with pid 13
2021-04-21 11:24:10,608 INFO success: redis-server_00 entered RUNNING state, process has stayed up for > than 1 seconds (startsecs)
2021-04-21 11:24:10,608 INFO success: php-fpm_00 entered RUNNING state, process has stayed up for > than 1 seconds (startsecs)
2021-04-21 11:24:10,608 INFO success: laravel-worker_00 entered RUNNING state, process has stayed up for > than 1 seconds (startsecs)
2021-04-21 11:24:10,609 INFO success: laravel-echo-server_00 entered RUNNING state, process has stayed up for > than 1 seconds (startsecs)
2021-04-21 14:49:59,312 WARN received SIGQUIT indicating exit request
2021-04-21 14:49:59,312 INFO waiting for redis-server_00, php-fpm_00, laravel-worker_00, laravel-echo-server_00 to die
2021-04-21 14:49:59,314 INFO stopped: laravel-echo-server_00 (terminated by SIGTERM)
2021-04-21 14:49:59,374 INFO stopped: laravel-worker_00 (exit status 0)
2021-04-21 14:49:59,378 INFO stopped: php-fpm_00 (exit status 0)
2021-04-21 14:49:59,439 INFO stopped: redis-server_00 (exit status 0)
2021-04-21 14:50:35,328 CRIT Supervisor is running as root.  Privileges were not dropped because no user is specified in the config file.  If you intend to run as root, you can set user=root in the config file to avoid this message.
2021-04-21 14:50:35,329 INFO Included extra file "/etc/supervisor/conf.d/supervisord.conf" during parsing
2021-04-21 14:50:35,340 INFO RPC interface 'supervisor' initialized
2021-04-21 14:50:35,341 CRIT Server 'unix_http_server' running without any HTTP authentication checking
2021-04-21 14:50:35,341 INFO supervisord started with pid 1
2021-04-21 14:50:36,345 INFO spawned: 'redis-server_00' with pid 10
2021-04-21 14:50:36,348 INFO spawned: 'php-fpm_00' with pid 11
2021-04-21 14:50:36,351 INFO spawned: 'laravel-worker_00' with pid 12
2021-04-21 14:50:36,353 INFO spawned: 'laravel-echo-server_00' with pid 13
2021-04-21 14:50:37,358 INFO success: redis-server_00 entered RUNNING state, process has stayed up for > than 1 seconds (startsecs)
2021-04-21 14:50:37,358 INFO success: php-fpm_00 entered RUNNING state, process has stayed up for > than 1 seconds (startsecs)
2021-04-21 14:50:37,358 INFO success: laravel-worker_00 entered RUNNING state, process has stayed up for > than 1 seconds (startsecs)
2021-04-21 14:50:37,358 INFO success: laravel-echo-server_00 entered RUNNING state, process has stayed up for > than 1 seconds (startsecs)
2021-04-21 15:03:17,573 WARN received SIGQUIT indicating exit request
2021-04-21 15:03:17,574 INFO waiting for redis-server_00, php-fpm_00, laravel-worker_00, laravel-echo-server_00 to die
2021-04-21 15:03:17,578 INFO stopped: laravel-echo-server_00 (terminated by SIGTERM)
2021-04-21 15:03:17,638 INFO stopped: laravel-worker_00 (exit status 0)
2021-04-21 15:03:17,642 INFO stopped: php-fpm_00 (exit status 0)
2021-04-21 15:03:17,773 INFO stopped: redis-server_00 (exit status 0)
2021-04-21 15:06:29,040 CRIT Supervisor is running as root.  Privileges were not dropped because no user is specified in the config file.  If you intend to run as root, you can set user=root in the config file to avoid this message.
2021-04-21 15:06:29,040 INFO Included extra file "/etc/supervisor/conf.d/supervisord.conf" during parsing
2021-04-21 15:06:29,047 INFO RPC interface 'supervisor' initialized
2021-04-21 15:06:29,047 CRIT Server 'unix_http_server' running without any HTTP authentication checking
2021-04-21 15:06:29,048 INFO supervisord started with pid 1
2021-04-21 15:06:30,053 INFO spawned: 'redis-server_00' with pid 9
2021-04-21 15:06:30,059 INFO spawned: 'php-fpm_00' with pid 10
2021-04-21 15:06:30,064 INFO spawned: 'laravel-worker_00' with pid 11
2021-04-21 15:06:30,070 INFO spawned: 'laravel-echo-server_00' with pid 12
2021-04-21 15:06:31,077 INFO success: redis-server_00 entered RUNNING state, process has stayed up for > than 1 seconds (startsecs)
2021-04-21 15:06:31,077 INFO success: php-fpm_00 entered RUNNING state, process has stayed up for > than 1 seconds (startsecs)
2021-04-21 15:06:31,078 INFO success: laravel-worker_00 entered RUNNING state, process has stayed up for > than 1 seconds (startsecs)
2021-04-21 15:06:31,078 INFO success: laravel-echo-server_00 entered RUNNING state, process has stayed up for > than 1 seconds (startsecs)
2021-04-21 15:10:22,207 WARN received SIGQUIT indicating exit request
2021-04-21 15:10:22,208 INFO waiting for redis-server_00, php-fpm_00, laravel-worker_00, laravel-echo-server_00 to die
2021-04-21 15:10:22,212 INFO stopped: laravel-echo-server_00 (terminated by SIGTERM)
2021-04-21 15:10:22,274 INFO stopped: laravel-worker_00 (exit status 0)
2021-04-21 15:10:22,277 INFO stopped: php-fpm_00 (exit status 0)
2021-04-21 15:10:22,402 INFO stopped: redis-server_00 (exit status 0)
2021-04-21 15:12:48,807 CRIT Supervisor is running as root.  Privileges were not dropped because no user is specified in the config file.  If you intend to run as root, you can set user=root in the config file to avoid this message.
2021-04-21 15:12:48,807 INFO Included extra file "/etc/supervisor/conf.d/supervisord.conf" during parsing
2021-04-21 15:12:48,815 INFO RPC interface 'supervisor' initialized
2021-04-21 15:12:48,815 CRIT Server 'unix_http_server' running without any HTTP authentication checking
2021-04-21 15:12:48,837 INFO supervisord started with pid 1
2021-04-21 15:12:49,842 INFO spawned: 'redis-server_00' with pid 9
2021-04-21 15:12:49,851 INFO spawned: 'php-fpm_00' with pid 13
2021-04-21 15:12:49,853 INFO spawned: 'laravel-worker_00' with pid 14
2021-04-21 15:12:49,856 INFO spawned: 'laravel-echo-server_00' with pid 15
2021-04-21 15:12:50,858 INFO success: redis-server_00 entered RUNNING state, process has stayed up for > than 1 seconds (startsecs)
2021-04-21 15:12:50,858 INFO success: php-fpm_00 entered RUNNING state, process has stayed up for > than 1 seconds (startsecs)
2021-04-21 15:12:50,858 INFO success: laravel-worker_00 entered RUNNING state, process has stayed up for > than 1 seconds (startsecs)
2021-04-21 15:12:50,859 INFO success: laravel-echo-server_00 entered RUNNING state, process has stayed up for > than 1 seconds (startsecs)
2021-04-21 15:18:22,354 WARN received SIGQUIT indicating exit request
2021-04-21 15:18:22,355 INFO waiting for redis-server_00, php-fpm_00, laravel-worker_00, laravel-echo-server_00 to die
2021-04-21 15:18:22,356 INFO stopped: laravel-echo-server_00 (terminated by SIGTERM)
2021-04-21 15:18:22,404 INFO stopped: laravel-worker_00 (exit status 0)
2021-04-21 15:18:22,408 INFO stopped: php-fpm_00 (exit status 0)
2021-04-21 15:18:22,545 INFO stopped: redis-server_00 (exit status 0)
2021-04-21 15:22:26,255 CRIT Supervisor is running as root.  Privileges were not dropped because no user is specified in the config file.  If you intend to run as root, you can set user=root in the config file to avoid this message.
2021-04-21 15:22:26,256 INFO Included extra file "/etc/supervisor/conf.d/supervisord.conf" during parsing
2021-04-21 15:22:26,263 INFO RPC interface 'supervisor' initialized
2021-04-21 15:22:26,264 CRIT Server 'unix_http_server' running without any HTTP authentication checking
2021-04-21 15:22:26,264 INFO supervisord started with pid 1
2021-04-21 15:22:27,271 INFO spawned: 'redis-server_00' with pid 10
2021-04-21 15:22:27,281 INFO spawned: 'php-fpm_00' with pid 11
2021-04-21 15:22:27,285 INFO spawned: 'laravel-worker_00' with pid 12
2021-04-21 15:22:27,290 INFO spawned: 'laravel-echo-server_00' with pid 13
2021-04-21 15:22:28,303 INFO success: redis-server_00 entered RUNNING state, process has stayed up for > than 1 seconds (startsecs)
2021-04-21 15:22:28,304 INFO success: php-fpm_00 entered RUNNING state, process has stayed up for > than 1 seconds (startsecs)
2021-04-21 15:22:28,304 INFO success: laravel-worker_00 entered RUNNING state, process has stayed up for > than 1 seconds (startsecs)
2021-04-21 15:22:28,304 INFO success: laravel-echo-server_00 entered RUNNING state, process has stayed up for > than 1 seconds (startsecs)
2021-04-25 10:10:30,248 CRIT Supervisor is running as root.  Privileges were not dropped because no user is specified in the config file.  If you intend to run as root, you can set user=root in the config file to avoid this message.
2021-04-25 10:10:30,249 INFO Included extra file "/etc/supervisor/conf.d/supervisord.conf" during parsing
2021-04-25 10:10:30,738 INFO RPC interface 'supervisor' initialized
2021-04-25 10:10:30,738 CRIT Server 'unix_http_server' running without any HTTP authentication checking
2021-04-25 10:10:30,739 INFO supervisord started with pid 1
2021-04-25 10:10:31,743 INFO spawned: 'redis-server_00' with pid 10
2021-04-25 10:10:31,746 INFO spawned: 'php-fpm_00' with pid 11
2021-04-25 10:10:31,763 INFO spawned: 'laravel-echo-server_00' with pid 12
2021-04-25 10:10:32,765 INFO success: redis-server_00 entered RUNNING state, process has stayed up for > than 1 seconds (startsecs)
2021-04-25 10:10:32,765 INFO success: php-fpm_00 entered RUNNING state, process has stayed up for > than 1 seconds (startsecs)
2021-04-25 10:10:32,765 INFO success: laravel-echo-server_00 entered RUNNING state, process has stayed up for > than 1 seconds (startsecs)
2021-04-25 10:10:39,828 INFO exited: laravel-echo-server_00 (exit status 1; not expected)
2021-04-25 10:10:40,832 INFO spawned: 'laravel-echo-server_00' with pid 22
2021-04-25 10:10:40,872 INFO exited: laravel-echo-server_00 (exit status 1; not expected)
2021-04-25 10:10:41,875 INFO spawned: 'laravel-echo-server_00' with pid 29
2021-04-25 10:10:41,911 INFO exited: laravel-echo-server_00 (exit status 1; not expected)
2021-04-25 10:10:44,476 INFO spawned: 'laravel-echo-server_00' with pid 38
2021-04-25 10:10:44,525 INFO exited: laravel-echo-server_00 (exit status 1; not expected)
2021-04-25 10:10:48,081 INFO spawned: 'laravel-echo-server_00' with pid 45
2021-04-25 10:10:48,173 INFO exited: laravel-echo-server_00 (exit status 1; not expected)
2021-04-25 10:10:49,175 INFO gave up: laravel-echo-server_00 entered FATAL state, too many start retries too quickly
2021-04-25 12:44:27,773 WARN received SIGQUIT indicating exit request
2021-04-25 12:44:27,778 INFO waiting for redis-server_00, php-fpm_00 to die
2021-04-25 12:44:28,792 INFO stopped: php-fpm_00 (exit status 0)
2021-04-25 12:44:28,884 INFO stopped: redis-server_00 (exit status 0)
