[2021-04-20 09:09:14][pKSDL8x5pfVFc35oPfSuHoDl41VneHSi] Processing: App\Jobs\ScrapedJob
[2021-04-20 09:09:24][pKSDL8x5pfVFc35oPfSuHoDl41VneHSi] Processed:  App\Jobs\ScrapedJob
[2021-04-20 09:09:24][0ajKutMlJTIMDJSGfoEONE3YRTGCztew] Processing: App\Events\ScrappedMessageEvent
[2021-04-20 10:40:42][82pzGS8wq7SLHOJ70OHzyO1sCXiw8xKC] Processing: App\Jobs\ScrapedJob
[2021-04-20 10:40:52][82pzGS8wq7SLHOJ70OHzyO1sCXiw8xKC] Processed:  App\Jobs\ScrapedJob
[2021-04-20 10:40:52][LxY9nj6H6pS5hmL1Qrf0qvw7xfLfRX8T] Processing: App\Events\ScrappedMessageEvent
[2021-04-20 10:40:53][LxY9nj6H6pS5hmL1Qrf0qvw7xfLfRX8T] Processing: App\Events\ScrappedMessageEvent
[2021-04-20 10:40:53][LxY9nj6H6pS5hmL1Qrf0qvw7xfLfRX8T] Processing: App\Events\ScrappedMessageEvent
[2021-04-20 10:40:53][LxY9nj6H6pS5hmL1Qrf0qvw7xfLfRX8T] Failed:     App\Events\ScrappedMessageEvent
[2021-04-20 10:51:45][K97im5KSo0Mjj844jPCTU00dc1pmUQtx] Processing: App\Jobs\ScrapedJob
[2021-04-20 10:51:55][K97im5KSo0Mjj844jPCTU00dc1pmUQtx] Processed:  App\Jobs\ScrapedJob
[2021-04-20 10:51:55][lNbWaJPy6Xz30Xuz3YoQUHTil1r3MfWM] Processing: App\Events\ScrappedMessageEvent
[2021-04-20 10:51:55][lNbWaJPy6Xz30Xuz3YoQUHTil1r3MfWM] Processing: App\Events\ScrappedMessageEvent
[2021-04-20 10:51:55][lNbWaJPy6Xz30Xuz3YoQUHTil1r3MfWM] Processing: App\Events\ScrappedMessageEvent
[2021-04-20 10:51:55][lNbWaJPy6Xz30Xuz3YoQUHTil1r3MfWM] Failed:     App\Events\ScrappedMessageEvent
[2021-04-20 10:53:40][6iKHrCQZRgAm5mk0ZE90Lexd8VRtG28t] Processing: App\Jobs\ScrapedJob
[2021-04-20 10:53:51][6iKHrCQZRgAm5mk0ZE90Lexd8VRtG28t] Processed:  App\Jobs\ScrapedJob
[2021-04-20 10:53:51][ZBBLi69q4cEVy3GZGAYQTBGDQ3tkFmRk] Processing: App\Events\ScrappedMessageEvent
[2021-04-20 10:53:51][ZBBLi69q4cEVy3GZGAYQTBGDQ3tkFmRk] Processing: App\Events\ScrappedMessageEvent
[2021-04-20 10:53:51][ZBBLi69q4cEVy3GZGAYQTBGDQ3tkFmRk] Processing: App\Events\ScrappedMessageEvent
[2021-04-20 10:53:51][ZBBLi69q4cEVy3GZGAYQTBGDQ3tkFmRk] Failed:     App\Events\ScrappedMessageEvent
[2021-04-20 10:57:31][4l3bXZNyK2ri6ecc0zekRpgGEFG4n48b] Processing: App\Jobs\ScrapedJob
[2021-04-20 10:57:42][4l3bXZNyK2ri6ecc0zekRpgGEFG4n48b] Processed:  App\Jobs\ScrapedJob
[2021-04-20 10:57:42][OCmNmtVEiGUMiwn4HMPkQXKeFBxvobkJ] Processing: App\Events\ScrappedMessageEvent
[2021-04-20 10:58:27][2F5u2pDi9W8FldRg25CXHojVl7VTOPIT] Processing: App\Jobs\ScrapedJob
[2021-04-20 10:58:38][2F5u2pDi9W8FldRg25CXHojVl7VTOPIT] Processed:  App\Jobs\ScrapedJob
[2021-04-20 10:58:38][kCC7tWNkzbvnh52JGEclO7V6jGP321Wq] Processing: App\Events\ScrappedMessageEvent
[2021-04-20 11:03:53][8zv8YwtTd79mgKQOmvYsGAAVbRBbzDW7] Processing: App\Jobs\ScrapedJob
[2021-04-20 11:04:04][8zv8YwtTd79mgKQOmvYsGAAVbRBbzDW7] Processed:  App\Jobs\ScrapedJob
[2021-04-20 11:04:04][gYUeAwjI2FnenVg7buyrufQo5ZsEhnoY] Processing: App\Events\ScrappedMessageEvent
[2021-04-20 11:04:05][gYUeAwjI2FnenVg7buyrufQo5ZsEhnoY] Processing: App\Events\ScrappedMessageEvent
[2021-04-20 11:04:05][gYUeAwjI2FnenVg7buyrufQo5ZsEhnoY] Processing: App\Events\ScrappedMessageEvent
[2021-04-20 11:04:05][gYUeAwjI2FnenVg7buyrufQo5ZsEhnoY] Failed:     App\Events\ScrappedMessageEvent
[2021-04-20 11:15:28][ELv8jqyBVJam9mEhc27jbOBNLF9gMi1x] Processing: App\Jobs\ScrapedJob
[2021-04-20 11:15:39][ELv8jqyBVJam9mEhc27jbOBNLF9gMi1x] Processed:  App\Jobs\ScrapedJob
[2021-04-20 11:15:39][uDu2K3SUyiN6P1SirL3KQ8e8Fd6ioE1G] Processing: App\Events\ScrappedMessageEvent
[2021-04-20 11:15:39][uDu2K3SUyiN6P1SirL3KQ8e8Fd6ioE1G] Processing: App\Events\ScrappedMessageEvent
[2021-04-20 11:15:39][uDu2K3SUyiN6P1SirL3KQ8e8Fd6ioE1G] Processing: App\Events\ScrappedMessageEvent
[2021-04-20 11:15:39][uDu2K3SUyiN6P1SirL3KQ8e8Fd6ioE1G] Failed:     App\Events\ScrappedMessageEvent
[2021-04-20 11:16:37][AJjO9vZdHxFDIszvoYcJorN1BnNzfBhS] Processing: App\Jobs\ScrapedJob
[2021-04-20 11:16:48][AJjO9vZdHxFDIszvoYcJorN1BnNzfBhS] Processed:  App\Jobs\ScrapedJob
[2021-04-20 11:16:48][A7EXqanoCI0SsxHCEupYsy7aQy7VeYMa] Processing: App\Events\ScrappedMessageEvent
[2021-04-20 11:16:48][A7EXqanoCI0SsxHCEupYsy7aQy7VeYMa] Processing: App\Events\ScrappedMessageEvent
[2021-04-20 11:16:48][A7EXqanoCI0SsxHCEupYsy7aQy7VeYMa] Processing: App\Events\ScrappedMessageEvent
[2021-04-20 11:16:48][A7EXqanoCI0SsxHCEupYsy7aQy7VeYMa] Failed:     App\Events\ScrappedMessageEvent
[2021-04-20 11:25:20][jPrS9Xc9OTfC1pYaSOo7aA2STlhvDhSM] Processing: App\Jobs\ScrapedJob
[2021-04-20 11:25:32][jPrS9Xc9OTfC1pYaSOo7aA2STlhvDhSM] Processed:  App\Jobs\ScrapedJob
[2021-04-20 11:25:32][ysy8ZAhdmT1MoroDPHYnO825RJDEfkOo] Processing: App\Events\ScrappedMessageEvent
[2021-04-20 12:23:22][u6QS6ecQxuGGPt2veNbq3LgSFnrFwmso] Processing: App\Jobs\ScrapedJob
[2021-04-20 12:23:32][u6QS6ecQxuGGPt2veNbq3LgSFnrFwmso] Processed:  App\Jobs\ScrapedJob
[2021-04-20 12:23:32][VI8iMzu7NOeCQanJGpBzLpxKqDAJd9Bh] Processing: App\Events\ScrappedMessageEvent
[2021-04-20 12:24:47][adwsF9SPSjg7noDzDGXPR7Agy5V4P5sb] Processing: App\Jobs\ScrapedJob
[2021-04-20 12:24:59][adwsF9SPSjg7noDzDGXPR7Agy5V4P5sb] Processed:  App\Jobs\ScrapedJob
[2021-04-20 12:24:59][BhkgW9xmGx3MyUju7qev37jc20HnJe7w] Processing: App\Events\ScrappedMessageEvent
[2021-04-20 12:46:02][9c5wI6FwnbQRmUUAkG7GepgNx1IGl6ba] Processing: App\Jobs\ScrapedJob
[2021-04-20 12:46:13][9c5wI6FwnbQRmUUAkG7GepgNx1IGl6ba] Processed:  App\Jobs\ScrapedJob
[2021-04-20 12:46:13][ZqQlqsoFBPWHfCr7njvox2hbsVeCM78E] Processing: App\Events\ScrappedMessageEvent
[2021-04-20 13:43:56][vpGFMpcjtstdQhI3Cvo9y69I6mQ7SfDT] Processing: App\Jobs\ScrapedJob
[2021-04-20 13:44:07][vpGFMpcjtstdQhI3Cvo9y69I6mQ7SfDT] Processed:  App\Jobs\ScrapedJob
[2021-04-20 13:44:07][zoHCcat87h8BmCXFqHzbBXYINJeBaFQX] Processing: App\Events\ScrappedMessageEvent
[2021-04-20 14:44:50][pS5NRk01SvRSal3rhe5qW3ECwHOiGSN5] Processing: App\Jobs\ScrapedJob
[2021-04-20 14:45:02][pS5NRk01SvRSal3rhe5qW3ECwHOiGSN5] Processed:  App\Jobs\ScrapedJob
[2021-04-20 14:45:02][YGBXm7ZH9KBuEItzF4cQauvypytd9aTj] Processing: App\Events\ScrappedMessageEvent
[2021-04-20 14:45:44][9irjCe3pY9M8Bt2B5G9seUGWi2ZNph65] Processing: App\Jobs\ScrapedJob
[2021-04-20 14:45:53][9irjCe3pY9M8Bt2B5G9seUGWi2ZNph65] Processed:  App\Jobs\ScrapedJob
[2021-04-20 14:45:53][8RHDe7xe82Jxu7jAxqVtIYsZ0ju9iq1C] Processing: App\Events\ScrappedMessageEvent
[2021-04-20 14:46:44][46c3AS21Jr6GOQKzcMfxZEXUKemFRayP] Processing: App\Jobs\ScrapedJob
[2021-04-20 14:46:53][46c3AS21Jr6GOQKzcMfxZEXUKemFRayP] Processed:  App\Jobs\ScrapedJob
[2021-04-20 14:46:53][ynzj6oR19TMGKG3M2qPiisgVnTlOw37p] Processing: App\Events\ScrappedMessageEvent
[2021-04-20 14:49:56][BqR6MaUUCGmotITvWaBOyYV3I8mZOaaw] Processing: App\Jobs\ScrapedJob
[2021-04-20 14:50:05][BqR6MaUUCGmotITvWaBOyYV3I8mZOaaw] Processed:  App\Jobs\ScrapedJob
[2021-04-20 14:50:05][mh2KtoNu84ZPsFFTykGsbV7DAC5EAwj1] Processing: App\Events\ScrappedMessageEvent
[2021-04-20 14:51:00][MS1sahVVd1rXMmrg4tCXubIDa8NVQoKH] Processing: App\Jobs\ScrapedJob
[2021-04-20 14:51:09][MS1sahVVd1rXMmrg4tCXubIDa8NVQoKH] Processed:  App\Jobs\ScrapedJob
[2021-04-20 14:51:09][KlphueG7AVaKZrmJMR5fLroGAPnzGIj5] Processing: App\Events\ScrappedMessageEvent
[2021-04-20 15:00:07][c4bnoPaTE3RiAYk3B1ugKQk0FHEaCIU7] Processing: App\Jobs\ScrapedJob
[2021-04-20 15:00:16][c4bnoPaTE3RiAYk3B1ugKQk0FHEaCIU7] Processed:  App\Jobs\ScrapedJob
[2021-04-20 15:00:16][SOmouri6HzqbCQ5DdykHGm4CHbOSgx1J] Processing: App\Events\ScrappedMessageEvent
[2021-04-20 15:05:11][F7fOuhUrHC8Drmqr7dtoTqlYG5SK0Rx3] Processing: App\Jobs\ScrapedJob
[2021-04-20 15:05:20][F7fOuhUrHC8Drmqr7dtoTqlYG5SK0Rx3] Processed:  App\Jobs\ScrapedJob
[2021-04-20 15:05:20][sbSunaWUfOeE9apRVfEc1EilzVHXeo9p] Processing: App\Events\ScrappedMessageEvent
[2021-04-21 11:04:56][YRvIpkLMVOldXoaH3aQSirmYkR4B6Zyy] Processing: App\Jobs\ScrapedJob
[2021-04-21 11:05:10][YRvIpkLMVOldXoaH3aQSirmYkR4B6Zyy] Processed:  App\Jobs\ScrapedJob
[2021-04-21 11:05:10][VmmvRS8ASs7dkIWpkLvAGiX7i4D5nr2T] Processing: App\Events\ScrappedMessageEvent
[2021-04-21 11:05:10][VmmvRS8ASs7dkIWpkLvAGiX7i4D5nr2T] Processing: App\Events\ScrappedMessageEvent
[2021-04-21 11:05:10][VmmvRS8ASs7dkIWpkLvAGiX7i4D5nr2T] Processing: App\Events\ScrappedMessageEvent
[2021-04-21 11:05:10][VmmvRS8ASs7dkIWpkLvAGiX7i4D5nr2T] Failed:     App\Events\ScrappedMessageEvent
[2021-04-21 11:06:53][WSZz99ucF0ROkkHcvpewEzYzUkHOqqhS] Processing: App\Jobs\ScrapedJob
[2021-04-21 11:07:06][WSZz99ucF0ROkkHcvpewEzYzUkHOqqhS] Processed:  App\Jobs\ScrapedJob
[2021-04-21 11:07:06][eM4Wrot1d1j3oxNCwPDbKI5VigWZ5mpi] Processing: App\Events\ScrappedMessageEvent
[2021-04-21 11:07:06][eM4Wrot1d1j3oxNCwPDbKI5VigWZ5mpi] Processing: App\Events\ScrappedMessageEvent
[2021-04-21 11:07:06][eM4Wrot1d1j3oxNCwPDbKI5VigWZ5mpi] Processing: App\Events\ScrappedMessageEvent
[2021-04-21 11:07:06][eM4Wrot1d1j3oxNCwPDbKI5VigWZ5mpi] Failed:     App\Events\ScrappedMessageEvent
[2021-04-21 11:13:52][XTK1I8kSTnq4yeStDpiuN3RsjWQsiDo0] Processing: App\Jobs\ScrapedJob
[2021-04-21 11:14:03][XTK1I8kSTnq4yeStDpiuN3RsjWQsiDo0] Processed:  App\Jobs\ScrapedJob
[2021-04-21 11:14:03][W6LtSRBymT3lTYrBrzsGBHZLbLx9P55P] Processing: App\Events\ScrappedMessageEvent
[2021-04-21 11:14:03][W6LtSRBymT3lTYrBrzsGBHZLbLx9P55P] Processing: App\Events\ScrappedMessageEvent
[2021-04-21 11:14:03][W6LtSRBymT3lTYrBrzsGBHZLbLx9P55P] Processing: App\Events\ScrappedMessageEvent
[2021-04-21 11:14:03][W6LtSRBymT3lTYrBrzsGBHZLbLx9P55P] Failed:     App\Events\ScrappedMessageEvent
[2021-04-21 11:20:49][HTJHZRF8mz8zUoexOEBa8elTccxPkAGg] Processing: App\Jobs\ScrapedJob
[2021-04-21 11:21:03][HTJHZRF8mz8zUoexOEBa8elTccxPkAGg] Processed:  App\Jobs\ScrapedJob
[2021-04-21 11:21:03][SkQipR7KwYssIYQ29TSS89FR9vcA6Wmi] Processing: App\Events\ScrappedMessageEvent
[2021-04-21 11:21:03][SkQipR7KwYssIYQ29TSS89FR9vcA6Wmi] Processing: App\Events\ScrappedMessageEvent
[2021-04-21 11:21:03][SkQipR7KwYssIYQ29TSS89FR9vcA6Wmi] Processing: App\Events\ScrappedMessageEvent
[2021-04-21 11:21:03][SkQipR7KwYssIYQ29TSS89FR9vcA6Wmi] Failed:     App\Events\ScrappedMessageEvent
[2021-04-21 11:22:21][4tcaODci9DanvquXei0esiCZnkBfEGWN] Processing: App\Jobs\ScrapedJob
[2021-04-21 11:22:33][4tcaODci9DanvquXei0esiCZnkBfEGWN] Processed:  App\Jobs\ScrapedJob
[2021-04-21 11:22:33][20rOL016S7r27dGQ1a4GEUcxhCkJ3rJZ] Processing: App\Events\ScrappedMessageEvent
[2021-04-21 11:22:33][20rOL016S7r27dGQ1a4GEUcxhCkJ3rJZ] Processing: App\Events\ScrappedMessageEvent
[2021-04-21 11:22:33][20rOL016S7r27dGQ1a4GEUcxhCkJ3rJZ] Processing: App\Events\ScrappedMessageEvent
[2021-04-21 11:22:33][20rOL016S7r27dGQ1a4GEUcxhCkJ3rJZ] Failed:     App\Events\ScrappedMessageEvent
[2021-04-21 11:24:27][J8yUf4I9iQs8Ol8oG8RYlN7iQKy38q5N] Processing: App\Jobs\ScrapedJob
[2021-04-21 11:24:27][J8yUf4I9iQs8Ol8oG8RYlN7iQKy38q5N] Processing: App\Jobs\ScrapedJob
[2021-04-21 11:24:27][J8yUf4I9iQs8Ol8oG8RYlN7iQKy38q5N] Processing: App\Jobs\ScrapedJob
[2021-04-21 11:24:28][J8yUf4I9iQs8Ol8oG8RYlN7iQKy38q5N] Failed:     App\Jobs\ScrapedJob
[2021-04-21 11:24:29][0NbGgURZdV4nCR8eShfNz6hbOQfLPSUM] Processing: App\Events\ScrappedMessageEvent
[2021-04-21 11:41:08][tLfTdTzrrzqWzJ4D1HIEU1iNG2KzOUxH] Processing: App\Jobs\ScrapedJob
[2021-04-21 11:41:08][tLfTdTzrrzqWzJ4D1HIEU1iNG2KzOUxH] Processing: App\Jobs\ScrapedJob
[2021-04-21 11:41:08][tLfTdTzrrzqWzJ4D1HIEU1iNG2KzOUxH] Processing: App\Jobs\ScrapedJob
[2021-04-21 11:41:08][tLfTdTzrrzqWzJ4D1HIEU1iNG2KzOUxH] Failed:     App\Jobs\ScrapedJob
[2021-04-21 11:41:08][Dz3pW51qeTQK7Hj1WugekxqVNvnwuqZ7] Processing: App\Events\ScrappedMessageEvent
[2021-04-21 12:02:47][GndVEmPUnQHw7MGEvJZsYR8avDDhGz96] Processing: App\Jobs\ScrapedJob
[2021-04-21 12:02:47][GndVEmPUnQHw7MGEvJZsYR8avDDhGz96] Processing: App\Jobs\ScrapedJob
[2021-04-21 12:02:47][GndVEmPUnQHw7MGEvJZsYR8avDDhGz96] Processing: App\Jobs\ScrapedJob
[2021-04-21 12:02:47][GndVEmPUnQHw7MGEvJZsYR8avDDhGz96] Failed:     App\Jobs\ScrapedJob
[2021-04-21 12:02:48][UfvzEbMPhovTpuZHHyoE5O2E4y0YulHa] Processing: App\Events\ScrappedMessageEvent
[2021-04-21 12:24:55][UcN6KpIwJuVlv7zCy6loXfNMFUuPko00] Processing: App\Jobs\ScrapedJob
[2021-04-21 12:24:55][UcN6KpIwJuVlv7zCy6loXfNMFUuPko00] Processing: App\Jobs\ScrapedJob
[2021-04-21 12:24:55][UcN6KpIwJuVlv7zCy6loXfNMFUuPko00] Processing: App\Jobs\ScrapedJob
[2021-04-21 12:24:55][UcN6KpIwJuVlv7zCy6loXfNMFUuPko00] Failed:     App\Jobs\ScrapedJob
[2021-04-21 12:24:56][rONTk90wgKDC88sSBgsWv7UK65mqmXeP] Processing: App\Events\ScrappedMessageEvent
[2021-04-21 12:30:27][Dm2EiF9JNnI5m0Io8FizQxvNavsZmLZl] Processing: App\Jobs\ScrapedJob
[2021-04-21 12:30:27][Dm2EiF9JNnI5m0Io8FizQxvNavsZmLZl] Processing: App\Jobs\ScrapedJob
[2021-04-21 12:30:27][Dm2EiF9JNnI5m0Io8FizQxvNavsZmLZl] Processing: App\Jobs\ScrapedJob
[2021-04-21 12:30:27][Dm2EiF9JNnI5m0Io8FizQxvNavsZmLZl] Failed:     App\Jobs\ScrapedJob
[2021-04-21 12:30:27][Y2w8WyfLuigMDBwO81s5y8D6EeuYw4TH] Processing: App\Events\ScrappedMessageEvent
